<?xml version="1.0" encoding="UTF-8"?>
<testng-results total="1" passed="1" failed="0" skipped="0">
  <reporter-output>
  </reporter-output>
  <suite started-at="2022-11-12T04:13:40Z" name="Default suite" finished-at="2022-11-12T04:14:06Z" duration-ms="25632">
    <groups>
      <group name="cucumber">
        <method signature="AbstractTestNGCucumberTests.runScenario(io.cucumber.testng.PickleWrapper, io.cucumber.testng.FeatureWrapper)[pri:0, instance:runner.runner_new@43b9fd5]" name="runScenario" class="io.cucumber.testng.AbstractTestNGCucumberTests"/>
      </group> <!-- cucumber -->
    </groups>
    <test started-at="2022-11-12T04:13:40Z" name="Default test" finished-at="2022-11-12T04:14:06Z" duration-ms="25632">
      <class name="runner.runner_new">
        <test-method is-config="true" signature="setUpClass(org.testng.ITestContext)[pri:0, instance:runner.runner_new@43b9fd5]" started-at="2022-11-12T09:43:40Z" name="setUpClass" finished-at="2022-11-12T09:43:41Z" duration-ms="815" status="PASS">
          <params>
            <param index="0">
              <value>
                <![CDATA[org.testng.TestRunner@5b5a4aed]]>
              </value>
            </param>
          </params>
          <reporter-output>
          </reporter-output>
        </test-method> <!-- setUpClass -->
        <test-method signature="runScenario(io.cucumber.testng.PickleWrapper, io.cucumber.testng.FeatureWrapper)[pri:0, instance:runner.runner_new@43b9fd5]" started-at="2022-11-12T09:43:41Z" name="runScenario" description="Runs Cucumber Scenarios" data-provider="scenarios" finished-at="2022-11-12T09:44:06Z" duration-ms="24746" status="PASS">
          <params>
            <param index="0">
              <value>
                <![CDATA["To test invalid login functionality"]]>
              </value>
            </param>
            <param index="1">
              <value>
                <![CDATA["Optional[Test OrangeHRM]"]]>
              </value>
            </param>
          </params>
          <reporter-output>
          </reporter-output>
        </test-method> <!-- runScenario -->
        <test-method is-config="true" signature="tearDownClass()[pri:0, instance:runner.runner_new@43b9fd5]" started-at="2022-11-12T09:44:06Z" name="tearDownClass" finished-at="2022-11-12T09:44:06Z" duration-ms="28" status="PASS">
          <reporter-output>
          </reporter-output>
        </test-method> <!-- tearDownClass -->
      </class> <!-- runner.runner_new -->
    </test> <!-- Default test -->
  </suite> <!-- Default suite -->
</testng-results>
